<?xml version="1.0" encoding="UTF-8"?>
<testng-results ignored="0" total="1" passed="1" failed="0" skipped="0">
  <reporter-output>
  </reporter-output>
  <suite started-at="2023-10-23T11:43:20 EET" name="Default suite" finished-at="2023-10-23T11:43:26 EET" duration-ms="5990">
    <groups>
    </groups>
    <test started-at="2023-10-23T11:43:20 EET" name="Default test" finished-at="2023-10-23T11:43:26 EET" duration-ms="5990">
      <class name="magentoLab.magentolab">
        <test-method is-config="true" signature="mySetup()[pri:0, instance:magentoLab.magentolab@75e01201]" started-at="2023-10-23T11:43:20 EET" name="mySetup" finished-at="2023-10-23T11:43:24 EET" duration-ms="4688" status="PASS">
          <reporter-output>
          </reporter-output>
        </test-method> <!-- mySetup -->
        <test-method signature="myTest()[pri:0, instance:magentoLab.magentolab@75e01201]" started-at="2023-10-23T11:43:24 EET" name="myTest" finished-at="2023-10-23T11:43:26 EET" duration-ms="1206" status="PASS">
          <reporter-output>
          </reporter-output>
        </test-method> <!-- myTest -->
        <test-method is-config="true" signature="MyPostTesting()[pri:0, instance:magentoLab.magentolab@75e01201]" started-at="2023-10-23T11:43:26 EET" name="MyPostTesting" finished-at="2023-10-23T11:43:26 EET" duration-ms="0" status="PASS">
          <reporter-output>
          </reporter-output>
        </test-method> <!-- MyPostTesting -->
      </class> <!-- magentoLab.magentolab -->
    </test> <!-- Default test -->
  </suite> <!-- Default suite -->
</testng-results>
